#
# There is insufficient memory for the Java Runtime Environment to continue.
# Native memory allocation (mmap) failed to map 134217728 bytes for G1 virtual space
# Possible reasons:
#   The system is out of physical RAM or swap space
#   The process is running with CompressedOops enabled, and the Java Heap may be blocking the growth of the native heap
# Possible solutions:
#   Reduce memory load on the system
#   Increase physical memory or swap space
#   Check if swap backing store is full
#   Decrease Java heap size (-Xmx/-Xms)
#   Decrease number of Java threads
#   Decrease Java thread stack sizes (-Xss)
#   Set larger code cache with -XX:ReservedCodeCacheSize=
#   JVM is running with Unscaled Compressed Oops mode in which the Java heap is
#     placed in the first 4GB address space. The Java Heap base address is the
#     maximum limit for the native heap growth. Please use -XX:HeapBaseMinAddress
#     to set the Java Heap base and to place the Java Heap above 4GB virtual address.
# This output file may be truncated or incomplete.
#
#  Out of Memory Error (os_windows.cpp:3747), pid=12472, tid=2988
#
# JRE version:  (17.0.3+7) (build )
# Java VM: OpenJDK 64-Bit Server VM (17.0.3+7-b469.32, mixed mode, sharing, tiered, compressed oops, compressed class ptrs, g1 gc, windows-amd64)
# No core dump will be written. Minidumps are not enabled by default on client versions of Windows
#

---------------  S U M M A R Y ------------

Command Line: -Djava.rmi.server.hostname=127.0.0.1 -Duser.timezone=UTC -Xmx1024m -Xms128m -XX:+IgnoreUnrecognizedVMOptions --add-opens=jdk.unsupported/sun.misc=ALL-UNNAMED --add-opens=java.base/java.nio=ALL-UNNAMED -Dfile.encoding=UTF-8 com.intellij.database.remote.RemoteJdbcServer org.postgresql.Driver

Host: Intel(R) Core(TM) i3-7100U CPU @ 2.40GHz, 4 cores, 3G,  Windows 10 , 64 bit Build 19041 (10.0.19041.2546)
Time: Tue Mar  7 10:47:36 2023  Windows 10 , 64 bit Build 19041 (10.0.19041.2546) elapsed time: 0.066315 seconds (0d 0h 0m 0s)

---------------  T H R E A D  ---------------

Current thread (0x00000211a3c25960):  JavaThread "Unknown thread" [_thread_in_vm, id=2988, stack(0x000000a179700000,0x000000a179800000)]

Stack: [0x000000a179700000,0x000000a179800000]
Native frames: (J=compiled Java code, j=interpreted, Vv=VM code, C=native code)
V  [jvm.dll+0x681f8a]
V  [jvm.dll+0x83e374]
V  [jvm.dll+0x83fb1e]
V  [jvm.dll+0x840183]
V  [jvm.dll+0x2492a5]
V  [jvm.dll+0x67ee59]
V  [jvm.dll+0x67355a]
V  [jvm.dll+0x308fab]
V  [jvm.dll+0x310466]
V  [jvm.dll+0x3601de]
V  [jvm.dll+0x36040f]
V  [jvm.dll+0x2df098]
V  [jvm.dll+0x2e0004]
V  [jvm.dll+0x80fc61]
V  [jvm.dll+0x36df61]
V  [jvm.dll+0x7ef17c]
V  [jvm.dll+0x3f10ef]
V  [jvm.dll+0x3f2c31]
C  [jli.dll+0x526b]
C  [ucrtbase.dll+0x21bb2]
C  [KERNEL32.DLL+0x17614]
C  [ntdll.dll+0x526a1]


---------------  P R O C E S S  ---------------

Threads class SMR info:
_java_thread_list=0x00007ffab0346f18, length=0, elements={
}

Java Threads: ( => current thread )

Other Threads:
  0x00000211a3c5e540 GCTaskThread "GC Thread#0" [stack: 0x000000a179800000,0x000000a179900000] [id=10740]
  0x00000211a3c68330 ConcurrentGCThread "G1 Main Marker" [stack: 0x000000a179900000,0x000000a179a00000] [id=10916]
  0x00000211a3c69380 ConcurrentGCThread "G1 Conc#0" [stack: 0x000000a179a00000,0x000000a179b00000] [id=11736]

[error occurred during error reporting (printing all threads), id 0xc0000005, EXCEPTION_ACCESS_VIOLATION (0xc0000005) at pc=0x00007ffaafaffc57]

VM state: not at safepoint (not fully initialized)

VM Mutex/Monitor currently owned by a thread:  ([mutex/lock_event])
[0x00000211a3c1f290] Heap_lock - owner thread: 0x00000211a3c25960

Heap address: 0x00000000c0000000, size: 1024 MB, Compressed Oops mode: 32-bit

CDS archive(s) mapped at: [0x0000000000000000-0x0000000000000000-0x0000000000000000), size 0, SharedBaseAddress: 0x0000000800000000, ArchiveRelocationMode: 0.
Narrow klass base: 0x0000000000000000, Narrow klass shift: 0, Narrow klass range: 0x0

GC Precious Log:
<Empty>

Heap:
 garbage-first heap   total 0K, used 0K [0x00000000c0000000, 0x0000000100000000)
  region size 1024K, 0 young (0K), 0 survivors (0K)

[error occurred during error reporting (printing heap information), id 0xc0000005, EXCEPTION_ACCESS_VIOLATION (0xc0000005) at pc=0x00007ffaafeebbd9]

GC Heap History (0 events):
No events

Deoptimization events (0 events):
No events

Classes unloaded (0 events):
No events

Classes redefined (0 events):
No events

Internal exceptions (0 events):
No events

VM Operations (0 events):
No events

Events (1 events):
Event: 0.026 Loaded shared library G:\IntelliJ IDEA 2022.2\jbr\bin\java.dll


Dynamic libraries:
0x00007ff6e1ab0000 - 0x00007ff6e1aba000 	G:\IntelliJ IDEA 2022.2\jbr\bin\java.exe
0x00007ffb2f730000 - 0x00007ffb2f928000 	C:\WINDOWS\SYSTEM32\ntdll.dll
0x00007ffb2ec10000 - 0x00007ffb2eccf000 	C:\WINDOWS\System32\KERNEL32.DLL
0x00007ffb2d420000 - 0x00007ffb2d6f2000 	C:\WINDOWS\System32\KERNELBASE.dll
0x00007ffb2d050000 - 0x00007ffb2d150000 	C:\WINDOWS\System32\ucrtbase.dll
0x00007ffb06120000 - 0x00007ffb06137000 	G:\IntelliJ IDEA 2022.2\jbr\bin\jli.dll
0x00007ffb00700000 - 0x00007ffb0071b000 	G:\IntelliJ IDEA 2022.2\jbr\bin\VCRUNTIME140.dll
0x00007ffb2df00000 - 0x00007ffb2e0a1000 	C:\WINDOWS\System32\USER32.dll
0x00007ffb2d150000 - 0x00007ffb2d172000 	C:\WINDOWS\System32\win32u.dll
0x00007ffb2f6c0000 - 0x00007ffb2f6eb000 	C:\WINDOWS\System32\GDI32.dll
0x00007ffb1b440000 - 0x00007ffb1b6da000 	C:\WINDOWS\WinSxS\amd64_microsoft.windows.common-controls_6595b64144ccf1df_6.0.19041.1110_none_60b5254171f9507e\COMCTL32.dll
0x00007ffb2ce70000 - 0x00007ffb2cf7f000 	C:\WINDOWS\System32\gdi32full.dll
0x00007ffb2cf80000 - 0x00007ffb2d01d000 	C:\WINDOWS\System32\msvcp_win.dll
0x00007ffb2ecd0000 - 0x00007ffb2ed6e000 	C:\WINDOWS\System32\msvcrt.dll
0x00007ffb2ea10000 - 0x00007ffb2ea42000 	C:\WINDOWS\System32\IMM32.DLL
0x00007ffb04260000 - 0x00007ffb0426c000 	G:\IntelliJ IDEA 2022.2\jbr\bin\vcruntime140_1.dll
0x00007ffaff460000 - 0x00007ffaff4ed000 	G:\IntelliJ IDEA 2022.2\jbr\bin\msvcp140.dll
0x00007ffaaf810000 - 0x00007ffab0478000 	G:\IntelliJ IDEA 2022.2\jbr\bin\server\jvm.dll
0x00007ffb2f450000 - 0x00007ffb2f4fe000 	C:\WINDOWS\System32\ADVAPI32.dll
0x00007ffb2f150000 - 0x00007ffb2f1ec000 	C:\WINDOWS\System32\sechost.dll
0x00007ffb2eae0000 - 0x00007ffb2ec05000 	C:\WINDOWS\System32\RPCRT4.dll
0x00007ffb2de90000 - 0x00007ffb2de98000 	C:\WINDOWS\System32\PSAPI.DLL
0x00007ffb173c0000 - 0x00007ffb173e7000 	C:\WINDOWS\SYSTEM32\WINMM.dll
0x00007ffb27450000 - 0x00007ffb2745a000 	C:\WINDOWS\SYSTEM32\VERSION.dll
0x00007ffb18e60000 - 0x00007ffb18e69000 	C:\WINDOWS\SYSTEM32\WSOCK32.dll
0x00007ffb2f3e0000 - 0x00007ffb2f44b000 	C:\WINDOWS\System32\WS2_32.dll
0x00007ffb2b670000 - 0x00007ffb2b682000 	C:\WINDOWS\SYSTEM32\kernel.appcore.dll
0x00007ffb06150000 - 0x00007ffb0615a000 	G:\IntelliJ IDEA 2022.2\jbr\bin\jimage.dll
0x00007ffb2ab90000 - 0x00007ffb2ad74000 	C:\WINDOWS\SYSTEM32\DBGHELP.DLL
0x00007ffb18470000 - 0x00007ffb184a5000 	C:\WINDOWS\SYSTEM32\dbgcore.DLL
0x00007ffb2d180000 - 0x00007ffb2d202000 	C:\WINDOWS\System32\bcryptPrimitives.dll
0x00007ffb041b0000 - 0x00007ffb041d5000 	G:\IntelliJ IDEA 2022.2\jbr\bin\java.dll

dbghelp: loaded successfully - version: 4.0.5 - missing functions: none
symbol engine: initialized successfully - sym options: 0x614 - pdb path: .;G:\IntelliJ IDEA 2022.2\jbr\bin;C:\WINDOWS\SYSTEM32;C:\WINDOWS\WinSxS\amd64_microsoft.windows.common-controls_6595b64144ccf1df_6.0.19041.1110_none_60b5254171f9507e;G:\IntelliJ IDEA 2022.2\jbr\bin\server

VM Arguments:
jvm_args: -Djava.rmi.server.hostname=127.0.0.1 -Duser.timezone=UTC -Xmx1024m -Xms128m -XX:+IgnoreUnrecognizedVMOptions --add-opens=jdk.unsupported/sun.misc=ALL-UNNAMED --add-opens=java.base/java.nio=ALL-UNNAMED -Dfile.encoding=UTF-8 
java_command: com.intellij.database.remote.RemoteJdbcServer org.postgresql.Driver
java_class_path (initial): G:\IntelliJ IDEA 2022.2\lib\util_rt.jar;G:\IntelliJ IDEA 2022.2\lib\util.jar;G:\IntelliJ IDEA 2022.2\lib\groovy.jar;G:\IntelliJ IDEA 2022.2\plugins\DatabaseTools\lib\jdbc-console.jar;C:\Users\User\AppData\Roaming\JetBrains\IntelliJIdea2022.2\jdbc-drivers\PostgreSQL\42.5.0\org\postgresql\postgresql\42.5.0\postgresql-42.5.0.jar;C:\Users\User\AppData\Roaming\JetBrains\IntelliJIdea2022.2\jdbc-drivers\PostgreSQL\42.5.0\org\checkerframework\checker-qual\3.5.0\checker-qual-3.5.0.jar;C:\Users\User\AppData\Roaming\JetBrains\IntelliJIdea2022.2\jdbc-drivers\PostgreSQL\42.5.0\com\github\waffle\waffle-jna\1.9.1\waffle-jna-1.9.1.jar;C:\Users\User\AppData\Roaming\JetBrains\IntelliJIdea2022.2\jdbc-drivers\PostgreSQL\42.5.0\net\java\dev\jna\jna\4.5.1\jna-4.5.1.jar;C:\Users\User\AppData\Roaming\JetBrains\IntelliJIdea2022.2\jdbc-drivers\PostgreSQL\42.5.0\net\java\dev\jna\jna-platform\4.5.1\jna-platform-4.5.1.jar;C:\Users\User\AppData\Roaming\JetBrains\IntelliJIdea2022.2\jdbc-drivers\PostgreSQL\42.5.0\org\slf4j\jcl-over-slf4j\1.7.25\jcl-over-slf4j-1.7.25.jar;C:\Users\User\AppData\Roaming\JetBrains\IntelliJIdea2022.2\jdbc-drivers\PostgreSQL\42.5.0\org\slf4j\slf4j-api\1.7.25\slf4j-api-1.7.25.jar;C:\Users\User\AppData\Roaming\JetBrains\IntelliJIdea2022.2\jdbc-drivers\PostgreSQL\42.5.0\com\github\ben-manes\caffeine\caffeine\2.6.2\caffeine-2.6.2.jar
Launcher Type: SUN_STANDARD

[Global flags]
     intx CICompilerCount                          = 3                                         {product} {ergonomic}
     uint ConcGCThreads                            = 1                                         {product} {ergonomic}
     uint G1ConcRefinementThreads                  = 4                                         {product} {ergonomic}
   size_t G1HeapRegionSize                         = 1048576                                   {product} {ergonomic}
    uintx GCDrainStackTargetSize                   = 64                                        {product} {ergonomic}
     bool IgnoreUnrecognizedVMOptions              = true                                      {product} {command line}
   size_t InitialHeapSize                          = 134217728                                 {product} {command line}
   size_t MarkStackSize                            = 4194304                                   {product} {ergonomic}
   size_t MaxHeapSize                              = 1073741824                                {product} {command line}
   size_t MinHeapDeltaBytes                        = 1048576                                   {product} {ergonomic}
   size_t MinHeapSize                              = 134217728                                 {product} {command line}
    uintx NonNMethodCodeHeapSize                   = 5832780                                {pd product} {ergonomic}
    uintx NonProfiledCodeHeapSize                  = 122912730                              {pd product} {ergonomic}
    uintx ProfiledCodeHeapSize                     = 122912730                              {pd product} {ergonomic}
    uintx ReservedCodeCacheSize                    = 251658240                              {pd product} {ergonomic}
     bool SegmentedCodeCache                       = true                                      {product} {ergonomic}
   size_t SoftMaxHeapSize                          = 1073741824                             {manageable} {ergonomic}
     bool UseCompressedClassPointers               = true                           {product lp64_product} {ergonomic}
     bool UseCompressedOops                        = true                           {product lp64_product} {ergonomic}
     bool UseG1GC                                  = true                                      {product} {ergonomic}
     bool UseLargePagesIndividualAllocation        = false                                  {pd product} {ergonomic}

Logging:
Log output configuration:
 #0: stdout all=warning uptime,level,tags
 #1: stderr all=off uptime,level,tags

Environment Variables:
PATH=C:\Program Files (x86)\NVIDIA Corporation\PhysX\Common;C:\Program Files\Common Files\Oracle\Java\javapath;C:\WINDOWS\system32;C:\WINDOWS;C:\WINDOWS\System32\Wbem;C:\WINDOWS\System32\WindowsPowerShell\v1.0\;C:\WINDOWS\System32\OpenSSH\;C:\Program Files\Git\cmd;C:\Program Files\MySQL\MySQL Shell 8.0\bin\;C:\Users\User\AppData\Local\Microsoft\WindowsApps;G:\IntelliJ IDEA 2022.2\bin;;C:\Users\User\AppData\Local\GitHubDesktop\bin
USERNAME=User
OS=Windows_NT
PROCESSOR_IDENTIFIER=Intel64 Family 6 Model 142 Stepping 9, GenuineIntel



---------------  S Y S T E M  ---------------

OS:
 Windows 10 , 64 bit Build 19041 (10.0.19041.2546)
OS uptime: 0 days 0:15 hours

CPU: total 4 (initial active 4) (2 cores per cpu, 2 threads per core) family 6 model 142 stepping 9 microcode 0xb4, cx8, cmov, fxsr, ht, mmx, 3dnowpref, sse, sse2, sse3, ssse3, sse4.1, sse4.2, popcnt, lzcnt, tsc, tscinvbit, avx, avx2, aes, erms, clmul, bmi1, bmi2, adx, fma, vzeroupper, clflush, clflushopt

Memory: 4k page, system-wide physical 3977M (238M free)
TotalPageFile size 8977M (AvailPageFile size 109M)
current process WorkingSet (physical memory assigned to process): 9M, peak: 9M
current process commit charge ("private bytes"): 51M, peak: 179M

vm_info: OpenJDK 64-Bit Server VM (17.0.3+7-b469.32) for windows-amd64 JRE (17.0.3+7-b469.32), built on 2022-07-19 by "builduser" with MS VC++ 16.10 / 16.11 (VS2019)

END.
